<?xml version="1.0" encoding="UTF-8"?>
<!-- Generated by org.testng.reporters.JUnitReportReporter -->
<testsuite hostname="IN3234437W1" failures="0" tests="1" name="lastDay.salesTestNg" time="68.892" errors="0" timestamp="2022-05-20T17:38:14 IST" skipped="0">
  <testcase classname="lastDay.salesTestNg" name="test" time="68.892"/>
  <system-out/>
</testsuite> <!-- lastDay.salesTestNg -->
